[07/19/2022 21:02:28] Info: SourceLanguage set to Oracle based on the appsettings configuration.
[07/19/2022 21:02:28] Info: Starting to analyze the input path '/tmp/Repo-26c310a6-18fd-4187-af82-c37be839a48d/Sources'...
[07/19/2022 21:02:28] Info: Found 1 SQL files with a total size of 1.93KB
[07/19/2022 21:02:29] Info: No path specified for loading additional transformation rules
[07/19/2022 21:02:35] Info: Starting the parsing process of 1 file with 1.93KB of code, this might take a while...
[07/19/2022 21:02:35] Info: EFProcess 637938613557129962 started
[07/19/2022 21:02:35] Debug: TaskParam transformationVisitors = Value is not created.
[07/19/2022 21:02:35] Debug: TaskParam issueInventory = Mobilize.Snow.Assessment.IssueInventory
[07/19/2022 21:02:35] Debug: TaskParam totalLOC = 0
[07/19/2022 21:02:35] Debug: TaskParam assessmentSummaryInventory = Mobilize.Snow.Assessment.AssessmentSummaryInventory
[07/19/2022 21:02:35] Debug: TaskParam sourceLanguage = Oracle
[07/19/2022 21:02:35] Debug: TaskParam TaskConversionTime = Mobilize.Snow.Assessment.TaskConversionTimeSummary
[07/19/2022 21:02:35] Debug: TaskParam parsingProgressDescriptor = Mobilize.Common.Utils.Progress.SingleProgressDescriptor
[07/19/2022 21:02:35] Debug: TaskParam processingProgressDescriptor = Mobilize.Common.Utils.Progress.SingleProgressDescriptor
[07/19/2022 21:02:35] Debug: TaskParam parsedFilesCount = 0
[07/19/2022 21:02:35] Debug: TaskParam AssessmentManager = Mobilize.Snow.Assessment.AssessmentManager
[07/19/2022 21:02:35] Debug: TaskParam symbolTableProvider = Value is not created.
[07/19/2022 21:02:35] Debug: TaskParam ConversionBeginTask.Input = /tmp/Repo-26c310a6-18fd-4187-af82-c37be839a48d/Sources/input.wsp
[07/19/2022 21:02:35] Debug: TaskParam workingSet = Value is not created.
[07/19/2022 21:02:35] Debug: TaskParam ConversionBeginTask.ItemMedatada = Artinsoft.Common.Store.ItemMetadata
[07/19/2022 21:02:35] Debug: TaskParam ConversionBeginTask.Enabled = True
[07/19/2022 21:02:35] Debug: TaskParam Repository = Value is not created.
[07/19/2022 21:02:35] Debug: TaskParam RepositoryDirectory = /tmp/Output-26c310a6-18fd-4187-af82-c37be839a48d/.mobilize/CommonEF
[07/19/2022 21:02:35] Info: Step 1/7 - Loading Code: STARTED
[07/19/2022 21:02:37] Info: Step 1/7 - Loading Code: COMPLETED
[07/19/2022 21:02:37] Debug: TaskParam transformationVisitors = Value is not created.
[07/19/2022 21:02:37] Debug: TaskParam sourceLanguage = Oracle
[07/19/2022 21:02:37] Debug: TaskParam symbolTableProvider = Value is not created.
[07/19/2022 21:02:37] Debug: TaskParam TaskConversionTime = Mobilize.Snow.Assessment.TaskConversionTimeSummary
[07/19/2022 21:02:37] Debug: TaskParam SymbolTableFillingTask.Input = /tmp/Repo-26c310a6-18fd-4187-af82-c37be839a48d/Sources/input.wsp
[07/19/2022 21:02:37] Debug: TaskParam workingSet = Artinsoft.Common.Store.RepositoryWorkingSet`2[System.String,Artinsoft.Common.Store.IItemContainer]
[07/19/2022 21:02:37] Debug: TaskParam SymbolTableFillingTask.ItemMedatada = Artinsoft.Common.Store.ItemMetadata
[07/19/2022 21:02:37] Debug: TaskParam SymbolTableFillingTask.Enabled = True
[07/19/2022 21:02:37] Debug: TaskParam Repository = Artinsoft.Common.Store.Repository
[07/19/2022 21:02:37] Debug: TaskParam RepositoryDirectory = /tmp/Output-26c310a6-18fd-4187-af82-c37be839a48d/.mobilize/CommonEF
[07/19/2022 21:02:37] Info: Step 2/7 - Semantic Analysis of Tables: STARTED
[07/19/2022 21:03:13] Info: Step 2/7 - Semantic Analysis of Tables: COMPLETED
[07/19/2022 21:03:13] Debug: TaskParam transformationVisitors = Artinsoft.Common.Tools.Transform.TransformationVisitors
[07/19/2022 21:03:13] Debug: TaskParam sourceLanguage = Oracle
[07/19/2022 21:03:13] Debug: TaskParam symbolTableProvider = Mobilize.Snow.Common.SymbolTableProvider
[07/19/2022 21:03:13] Debug: TaskParam TaskConversionTime = Mobilize.Snow.Assessment.TaskConversionTimeSummary
[07/19/2022 21:03:13] Debug: TaskParam SymbolTableFillingSecondTask.Input = /tmp/Repo-26c310a6-18fd-4187-af82-c37be839a48d/Sources/input.wsp
[07/19/2022 21:03:13] Debug: TaskParam workingSet = Artinsoft.Common.Store.RepositoryWorkingSet`2[System.String,Artinsoft.Common.Store.IItemContainer]
[07/19/2022 21:03:13] Debug: TaskParam SymbolTableFillingSecondTask.ItemMedatada = Artinsoft.Common.Store.ItemMetadata
[07/19/2022 21:03:13] Debug: TaskParam SymbolTableFillingSecondTask.Enabled = True
[07/19/2022 21:03:13] Debug: TaskParam Repository = Artinsoft.Common.Store.Repository
[07/19/2022 21:03:13] Debug: TaskParam RepositoryDirectory = /tmp/Output-26c310a6-18fd-4187-af82-c37be839a48d/.mobilize/CommonEF
[07/19/2022 21:03:13] Info: Step 3/7 - Semantic Analysis of Top Level Objects: STARTED
[07/19/2022 21:03:13] Info: Step 3/7 - Semantic Analysis of Top Level Objects: COMPLETED
[07/19/2022 21:03:13] Debug: TaskParam transformationVisitors = Artinsoft.Common.Tools.Transform.TransformationVisitors
[07/19/2022 21:03:13] Debug: TaskParam sourceLanguage = Oracle
[07/19/2022 21:03:13] Debug: TaskParam TaskConversionTime = Mobilize.Snow.Assessment.TaskConversionTimeSummary
[07/19/2022 21:03:13] Debug: TaskParam symbolTableProvider = Mobilize.Snow.Common.SymbolTableProvider
[07/19/2022 21:03:13] Debug: TaskParam userDefinedFunctionTargetTransformation = 
[07/19/2022 21:03:13] Debug: TaskParam SnowScript = True
[07/19/2022 21:03:13] Debug: TaskParam PreProcessTask.Input = /tmp/Repo-26c310a6-18fd-4187-af82-c37be839a48d/Sources/input.wsp
[07/19/2022 21:03:13] Debug: TaskParam workingSet = Artinsoft.Common.Store.RepositoryWorkingSet`2[System.String,Artinsoft.Common.Store.IItemContainer]
[07/19/2022 21:03:13] Debug: TaskParam PreProcessTask.ItemMedatada = Artinsoft.Common.Store.ItemMetadata
[07/19/2022 21:03:13] Debug: TaskParam PreProcessTask.Enabled = True
[07/19/2022 21:03:13] Debug: TaskParam Repository = Artinsoft.Common.Store.Repository
[07/19/2022 21:03:13] Debug: TaskParam RepositoryDirectory = /tmp/Output-26c310a6-18fd-4187-af82-c37be839a48d/.mobilize/CommonEF
[07/19/2022 21:03:13] Info: Step 4/7 - Pre-Processing: STARTED
[07/19/2022 21:03:13] Info: Step 4/7 - Pre-Processing: COMPLETED
[07/19/2022 21:03:13] Debug: TaskParam inputPath = /tmp/Repo-26c310a6-18fd-4187-af82-c37be839a48d/Sources
[07/19/2022 21:03:13] Debug: TaskParam transformationVisitors = Artinsoft.Common.Tools.Transform.TransformationVisitors
[07/19/2022 21:03:13] Debug: TaskParam symbolTableProvider = Mobilize.Snow.Common.SymbolTableProvider
[07/19/2022 21:03:13] Debug: TaskParam FunctionDependenciesGraphs = 
[07/19/2022 21:03:13] Debug: TaskParam sourceLanguage = Oracle
[07/19/2022 21:03:13] Debug: TaskParam TaskConversionTime = Mobilize.Snow.Assessment.TaskConversionTimeSummary
[07/19/2022 21:03:13] Debug: TaskParam DependenciesExtractorTask.Input = /tmp/Repo-26c310a6-18fd-4187-af82-c37be839a48d/Sources/input.wsp
[07/19/2022 21:03:13] Debug: TaskParam workingSet = Artinsoft.Common.Store.RepositoryWorkingSet`2[System.String,Artinsoft.Common.Store.IItemContainer]
[07/19/2022 21:03:13] Debug: TaskParam DependenciesExtractorTask.ItemMedatada = Artinsoft.Common.Store.ItemMetadata
[07/19/2022 21:03:13] Debug: TaskParam DependenciesExtractorTask.Enabled = True
[07/19/2022 21:03:13] Debug: TaskParam Repository = Artinsoft.Common.Store.Repository
[07/19/2022 21:03:13] Debug: TaskParam RepositoryDirectory = /tmp/Output-26c310a6-18fd-4187-af82-c37be839a48d/.mobilize/CommonEF
[07/19/2022 21:03:13] Info: Step 5/7 - Analysis of object dependencies: STARTED
[07/19/2022 21:03:13] Info: Step 5/7 - Analysis of object dependencies: COMPLETED
[07/19/2022 21:03:13] Debug: TaskParam transformationVisitors = Artinsoft.Common.Tools.Transform.TransformationVisitors
[07/19/2022 21:03:13] Debug: TaskParam sourceLanguage = Oracle
[07/19/2022 21:03:13] Debug: TaskParam TaskConversionTime = Mobilize.Snow.Assessment.TaskConversionTimeSummary
[07/19/2022 21:03:13] Debug: TaskParam symbolTableProvider = Mobilize.Snow.Common.SymbolTableProvider
[07/19/2022 21:03:13] Debug: TaskParam preConversionAssessmentStorage = Mobilize.Snow.Assessment.PreConversionAssessmentStorage
[07/19/2022 21:03:13] Debug: TaskParam userDefinedFunctionTargetTransformation = 
[07/19/2022 21:03:13] Debug: TaskParam executeT12AssessmentMode = False
[07/19/2022 21:03:13] Debug: TaskParam PreConversionAssessmentTask.Input = /tmp/Repo-26c310a6-18fd-4187-af82-c37be839a48d/Sources/input.wsp
[07/19/2022 21:03:13] Debug: TaskParam workingSet = Artinsoft.Common.Store.RepositoryWorkingSet`2[System.String,Artinsoft.Common.Store.IItemContainer]
[07/19/2022 21:03:13] Debug: TaskParam PreConversionAssessmentTask.ItemMedatada = Artinsoft.Common.Store.ItemMetadata
[07/19/2022 21:03:13] Debug: TaskParam PreConversionAssessmentTask.Enabled = True
[07/19/2022 21:03:13] Debug: TaskParam Repository = Artinsoft.Common.Store.Repository
[07/19/2022 21:03:13] Debug: TaskParam RepositoryDirectory = /tmp/Output-26c310a6-18fd-4187-af82-c37be839a48d/.mobilize/CommonEF
[07/19/2022 21:03:13] Info: Step 5.1/7 - Pre-Conversion Assessment: STARTED
[07/19/2022 21:03:13] Info: Step 5.1/7 - Pre-Conversion Assessment: COMPLETED
[07/19/2022 21:03:13] Debug: TaskParam transformationVisitors = Artinsoft.Common.Tools.Transform.TransformationVisitors
[07/19/2022 21:03:13] Debug: TaskParam sourceLanguage = Oracle
[07/19/2022 21:03:13] Debug: TaskParam LineageInventory = Mobilize.Snow.Assessment.LineageInventory
[07/19/2022 21:03:13] Debug: TaskParam reportPath = /tmp/Output-26c310a6-18fd-4187-af82-c37be839a48d/Reports
[07/19/2022 21:03:13] Debug: TaskParam SessionTimestamp = 20220719.210228
[07/19/2022 21:03:13] Debug: TaskParam codeModelWriter = Mobilize.Common.AssessmentModel.Writer.CodeModelWriter
[07/19/2022 21:03:13] Debug: TaskParam symbolTableProvider = Mobilize.Snow.Common.SymbolTableProvider
[07/19/2022 21:03:13] Debug: TaskParam ExecuteOracleLineage = False
[07/19/2022 21:03:13] Debug: TaskParam LineageTask.Input = /tmp/Repo-26c310a6-18fd-4187-af82-c37be839a48d/Sources/input.wsp
[07/19/2022 21:03:13] Debug: TaskParam workingSet = Artinsoft.Common.Store.RepositoryWorkingSet`2[System.String,Artinsoft.Common.Store.IItemContainer]
[07/19/2022 21:03:13] Debug: TaskParam LineageTask.ItemMedatada = Artinsoft.Common.Store.ItemMetadata
[07/19/2022 21:03:13] Debug: TaskParam LineageTask.Enabled = True
[07/19/2022 21:03:13] Debug: TaskParam Repository = Artinsoft.Common.Store.Repository
[07/19/2022 21:03:13] Debug: TaskParam RepositoryDirectory = /tmp/Output-26c310a6-18fd-4187-af82-c37be839a48d/.mobilize/CommonEF
[07/19/2022 21:03:13] Debug: TaskParam assessmentSummaryInventory = Mobilize.Snow.Assessment.AssessmentSummaryInventory
[07/19/2022 21:03:13] Debug: TaskParam assessmentSetup = Mobilize.Assessment.AssessmentMode.AssessmentSetup
[07/19/2022 21:03:13] Debug: TaskParam CustomDatabaseName = 
[07/19/2022 21:03:13] Debug: TaskParam CustomSchemaName = PUBLIC
[07/19/2022 21:03:13] Debug: TaskParam IsUserSpecifiedSchemaName = False
[07/19/2022 21:03:13] Debug: TaskParam castTransformationObject = Mobilize.Snow.Common.T12.CastTransformationObject
[07/19/2022 21:03:13] Debug: TaskParam commentIfMissingDependencies = False
[07/19/2022 21:03:13] Debug: TaskParam DependenciesGraphs = [/tmp/Repo-26c310a6-18fd-4187-af82-c37be839a48d/Sources/CLI_ORA/Source_Code.sql, Mobilize.Snow.Common.Utils.Graph.DirectedGraph]
[07/19/2022 21:03:13] Debug: TaskParam FunctionDependenciesGraphs = [/tmp/Repo-26c310a6-18fd-4187-af82-c37be839a48d/Sources/CLI_ORA/Source_Code.sql, Mobilize.Snow.Common.Utils.Graph.FunctionDependenciesGraph]
[07/19/2022 21:03:13] Debug: TaskParam detailsInventory = Mobilize.Snow.Assessment.DetailsInventory
[07/19/2022 21:03:13] Debug: TaskParam unsupportedInventory = Mobilize.Snow.Assessment.UnsupportedInventory
[07/19/2022 21:03:13] Debug: TaskParam inputPath = /tmp/Repo-26c310a6-18fd-4187-af82-c37be839a48d/Sources
[07/19/2022 21:03:13] Debug: TaskParam inventory = Mobilize.Snow.Assessment.SqlObjectsInventory
[07/19/2022 21:03:13] Debug: TaskParam issueInventory = Mobilize.Snow.Assessment.IssueInventory
[07/19/2022 21:03:13] Debug: TaskParam Mappings = Mobilize.Snow.ConversionTool.Mapper.SnowFlakeMappingsContainer
[07/19/2022 21:03:13] Debug: TaskParam outputPath = /tmp/Output-26c310a6-18fd-4187-af82-c37be839a48d/Output
[07/19/2022 21:03:13] Debug: TaskParam symbolTableProvider = Mobilize.Snow.Common.SymbolTableProvider
[07/19/2022 21:03:13] Debug: TaskParam transformationVisitors = Artinsoft.Common.Tools.Transform.TransformationVisitors
[07/19/2022 21:03:13] Debug: TaskParam sourceLanguage = Oracle
[07/19/2022 21:03:13] Debug: TaskParam TaskConversionTime = Mobilize.Snow.Assessment.TaskConversionTimeSummary
[07/19/2022 21:03:13] Debug: TaskParam AssessmentManager = Mobilize.Snow.Assessment.AssessmentManager
[07/19/2022 21:03:13] Debug: TaskParam stubManager = Mobilize.Snow.Common.Utils.StubGenerationManager
[07/19/2022 21:03:13] Debug: TaskParam UDFManager = Mobilize.Snow.Common.UdfManager
[07/19/2022 21:03:13] Debug: TaskParam DbObjectFilesManager = Mobilize.Snow.Common.DatabaseObjectFilesManager
[07/19/2022 21:03:13] Debug: TaskParam DisableSynonym = False
[07/19/2022 21:03:13] Debug: TaskParam DisablePackagesAsSchemas = False
[07/19/2022 21:03:13] Debug: TaskParam SysdateAsCurrentTimestamp = False
[07/19/2022 21:03:13] Debug: TaskParam codeModelWriter = Mobilize.Common.AssessmentModel.Writer.CodeModelWriter
[07/19/2022 21:03:13] Debug: TaskParam ReplaceDeleteAllToTruncate = False
[07/19/2022 21:03:13] Debug: TaskParam useDatabase = False
[07/19/2022 21:03:13] Debug: TaskParam userDefinedFunctionTargetTransformation = 
[07/19/2022 21:03:13] Debug: TaskParam SnowScript = True
[07/19/2022 21:03:13] Debug: TaskParam executeT12AssessmentMode = False
[07/19/2022 21:03:13] Debug: TaskParam processingProgressDescriptor = Mobilize.Common.Utils.Progress.SingleProgressDescriptor
[07/19/2022 21:03:13] Debug: TaskParam ExecutionModeValue = Conversion
[07/19/2022 21:03:13] Debug: TaskParam inputInfo = Mobilize.Snow.ConversionTool.Tasks.InputFilesInfo
[07/19/2022 21:03:13] Debug: TaskParam TransformationsTask.Input = /tmp/Repo-26c310a6-18fd-4187-af82-c37be839a48d/Sources/input.wsp
[07/19/2022 21:03:13] Debug: TaskParam workingSet = Artinsoft.Common.Store.RepositoryWorkingSet`2[System.String,Artinsoft.Common.Store.IItemContainer]
[07/19/2022 21:03:13] Debug: TaskParam TransformationsTask.ItemMedatada = Artinsoft.Common.Store.ItemMetadata
[07/19/2022 21:03:13] Debug: TaskParam TransformationsTask.Enabled = True
[07/19/2022 21:03:13] Debug: TaskParam Repository = Artinsoft.Common.Store.Repository
[07/19/2022 21:03:13] Debug: TaskParam RepositoryDirectory = /tmp/Output-26c310a6-18fd-4187-af82-c37be839a48d/.mobilize/CommonEF
[07/19/2022 21:03:13] Info: Step 6/7 - Conversion Execution: STARTED
[07/19/2022 21:03:13] Info: Start transforming file Source_Code.sql
[07/19/2022 21:03:14] Info: Transformed file Source_Code.sql
[07/19/2022 21:03:14] Info: Step 6/7 - Conversion Execution: COMPLETED
[07/19/2022 21:03:14] Debug: TaskParam CustomSchemaName = PUBLIC
[07/19/2022 21:03:14] Debug: TaskParam initialTime = 07/19/2022 21:02:28
[07/19/2022 21:03:14] Debug: TaskParam coverage = 0
[07/19/2022 21:03:14] Debug: TaskParam inventory = Mobilize.Snow.Assessment.SqlObjectsInventory
[07/19/2022 21:03:14] Debug: TaskParam unsupportedInventory = Mobilize.Snow.Assessment.UnsupportedInventory
[07/19/2022 21:03:14] Debug: TaskParam issueInventory = Mobilize.Snow.Assessment.IssueInventory
[07/19/2022 21:03:14] Debug: TaskParam detailsInventory = Mobilize.Snow.Assessment.DetailsInventory
[07/19/2022 21:03:14] Debug: TaskParam assessmentSummaryInventory = Mobilize.Snow.Assessment.AssessmentSummaryInventory
[07/19/2022 21:03:14] Debug: TaskParam SnowScript = True
[07/19/2022 21:03:14] Debug: TaskParam reportPath = /tmp/Output-26c310a6-18fd-4187-af82-c37be839a48d/Reports
[07/19/2022 21:03:14] Debug: TaskParam totalLOC = 48
[07/19/2022 21:03:14] Debug: TaskParam totalProcessedLOC = 0
[07/19/2022 21:03:14] Debug: TaskParam inputInfo = Mobilize.Snow.ConversionTool.Tasks.InputFilesInfo
[07/19/2022 21:03:14] Debug: TaskParam inputPath = /tmp/Repo-26c310a6-18fd-4187-af82-c37be839a48d/Sources
[07/19/2022 21:03:14] Debug: TaskParam SessionTimestamp = 20220719.210228
[07/19/2022 21:03:14] Debug: TaskParam snowConfiguration = Mobilize.BDS.Converter.SnowConvert.Configuration.SnowCodeProcessorConfiguration
[07/19/2022 21:03:14] Debug: TaskParam TaskConversionTime = Mobilize.Snow.Assessment.TaskConversionTimeSummary
[07/19/2022 21:03:14] Debug: TaskParam outputPath = /tmp/Output-26c310a6-18fd-4187-af82-c37be839a48d/Output
[07/19/2022 21:03:14] Debug: TaskParam stubManager = Mobilize.Snow.Common.Utils.StubGenerationManager
[07/19/2022 21:03:14] Debug: TaskParam UDFManager = Mobilize.Snow.Common.UdfManager
[07/19/2022 21:03:14] Debug: TaskParam DashboardMode = False
[07/19/2022 21:03:14] Debug: TaskParam sourceLanguage = Oracle
[07/19/2022 21:03:14] Debug: TaskParam AssessmentManager = Mobilize.Snow.Assessment.AssessmentManager
[07/19/2022 21:03:14] Debug: TaskParam writeResultsProgressDescriptor = Mobilize.Common.Utils.Progress.SingleProgressDescriptor
[07/19/2022 21:03:14] Debug: TaskParam snowExecutionResult = Mobilize.Snow.Configuration.Models.SnowExecutionResult
[07/19/2022 21:03:14] Debug: TaskParam parsedFilesCount = 1
[07/19/2022 21:03:14] Debug: TaskParam executeT12AssessmentMode = False
[07/19/2022 21:03:14] Debug: TaskParam assessmentConfiguration = Mobilize.Snow.Common.AssessmentMode.OraAssessmentConfig
[07/19/2022 21:03:14] Debug: TaskParam ExecutionModeValue = Conversion
[07/19/2022 21:03:14] Debug: TaskParam ConversionEndTask.Input = /tmp/Repo-26c310a6-18fd-4187-af82-c37be839a48d/Sources/input.wsp
[07/19/2022 21:03:14] Debug: TaskParam workingSet = Artinsoft.Common.Store.RepositoryWorkingSet`2[System.String,Artinsoft.Common.Store.IItemContainer]
[07/19/2022 21:03:14] Debug: TaskParam ConversionEndTask.ItemMedatada = Artinsoft.Common.Store.ItemMetadata
[07/19/2022 21:03:14] Debug: TaskParam ConversionEndTask.Enabled = True
[07/19/2022 21:03:14] Debug: TaskParam Repository = Artinsoft.Common.Store.Repository
[07/19/2022 21:03:14] Debug: TaskParam RepositoryDirectory = /tmp/Output-26c310a6-18fd-4187-af82-c37be839a48d/.mobilize/CommonEF
[07/19/2022 21:03:14] Info: EFProcess 637938613557129962 ended. Excecution time: 00:00:38.3789510
[07/19/2022 21:03:14] Info: STARTED Step 7/7: Stats and Reports
[07/19/2022 21:03:14] Info: Writing the conversion summary report
[07/19/2022 21:03:14] Info: Writing the custom assessment reports
[07/19/2022 21:03:14] Info: 
	==============================================================================
	SnowConvert assessment execution summary
	 - Files: 1
	 - Files Not Generated: 0
	 - Total lines of code: 48
	 - Automatically converted: 95.83%
	 - Conversion time: 00:00:45
	 - Conversion speed: 1 lines of code per second
	See the report files for more details about the conversion status.
	==============================================================================

[07/19/2022 21:03:14] Info: 
	==============================================================================
	LICENSE
	SnowConvert Tool.
	Production use or redistribution of tool or its output is strictly prohibited.
	Copyright (c) Mobilize.Net Corporation, 2021.
	For more License Terms and Conditions run SnowConvert with --terms.
	==============================================================================

[07/19/2022 21:03:14] Info: Writing the html report
[07/19/2022 21:03:14] Info: Writing the issues report
[07/19/2022 21:03:14] Info: Uploading metadata
[07/19/2022 21:03:15] Info: COMPLETED Step 7/7: Stats and Reports
